<?xml version="1.0" encoding="UTF-8"?>
<coverage generated="1572276321944" clover="3.2.0">
  <project timestamp="1572276321944" name="All files">
    <metrics statements="29" coveredstatements="21" conditionals="8" coveredconditionals="3" methods="12" coveredmethods="10" elements="49" coveredelements="34" complexity="0" loc="29" ncloc="29" packages="2" files="2" classes="2"/>
    <package name="src.test">
      <metrics statements="2" coveredstatements="2" conditionals="0" coveredconditionals="0" methods="2" coveredmethods="2"/>
      <file name="vue.demo.vue" path="/Users/xuhaowei/xuhaowei/T-OA/src/test/vue.demo.vue">
        <metrics statements="2" coveredstatements="2" conditionals="0" coveredconditionals="0" methods="2" coveredmethods="2"/>
        <line num="8" count="1" type="stmt"/>
        <line num="13" count="1" type="stmt"/>
      </file>
    </package>
    <package name="test.demo">
      <metrics statements="27" coveredstatements="19" conditionals="8" coveredconditionals="3" methods="10" coveredmethods="8"/>
      <file name="jest.demo.js" path="/Users/xuhaowei/xuhaowei/T-OA/test/demo/jest.demo.js">
        <metrics statements="27" coveredstatements="19" conditionals="8" coveredconditionals="3" methods="10" coveredmethods="8"/>
        <line num="4" count="2" type="stmt"/>
        <line num="5" count="2" type="stmt"/>
        <line num="6" count="2" type="cond" truecount="1" falsecount="1"/>
        <line num="8" count="2" type="stmt"/>
        <line num="9" count="5" type="stmt"/>
        <line num="11" count="2" type="stmt"/>
        <line num="16" count="1" type="stmt"/>
        <line num="20" count="3" type="stmt"/>
        <line num="21" count="3" type="stmt"/>
        <line num="25" count="2" type="stmt"/>
        <line num="30" count="0" type="stmt"/>
        <line num="31" count="0" type="cond" truecount="0" falsecount="2"/>
        <line num="33" count="0" type="stmt"/>
        <line num="34" count="0" type="cond" truecount="0" falsecount="2"/>
        <line num="35" count="0" type="stmt"/>
        <line num="38" count="0" type="stmt"/>
        <line num="42" count="0" type="stmt"/>
        <line num="43" count="0" type="stmt"/>
        <line num="48" count="2" type="cond" truecount="2" falsecount="0"/>
        <line num="49" count="1" type="stmt"/>
        <line num="52" count="1" type="stmt"/>
        <line num="53" count="1" type="stmt"/>
        <line num="54" count="3" type="stmt"/>
        <line num="57" count="1" type="stmt"/>
        <line num="68" count="1" type="stmt"/>
        <line num="69" count="1" type="stmt"/>
        <line num="70" count="1" type="stmt"/>
      </file>
    </package>
  </project>
</coverage>
