{"/Users/xuhaowei/xuhaowei/T-OA/src/test/vue.demo.vue": {"path":"/Users/xuhaowei/xuhaowei/T-OA/src/test/vue.demo.vue","statementMap":{"0":{"start":{"line":8,"column":0},"end":{"line":8,"column":null}},"1":{"start":{"line":13,"column":0},"end":{"line":13,"column":null}}},"fnMap":{"0":{"name":"(anonymous_1)","decl":{"start":{"line":7,"column":0},"end":{"line":7,"column":null}},"loc":{"start":{"line":7,"column":0},"end":{"line":11,"column":null}}},"1":{"name":"(anonymous_2)","decl":{"start":{"line":12,"column":0},"end":{"line":12,"column":null}},"loc":{"start":{"line":12,"column":0},"end":{"line":14,"column":null}}}},"branchMap":{},"s":{"0":1,"1":1},"f":{"0":1,"1":1},"b":{}}
,"/Users/xuhaowei/xuhaowei/T-OA/test/demo/jest.demo.js": {"path":"/Users/xuhaowei/xuhaowei/T-OA/test/demo/jest.demo.js","statementMap":{"0":{"start":{"line":4,"column":14},"end":{"line":4,"column":16}},"1":{"start":{"line":5,"column":12},"end":{"line":5,"column":13}},"2":{"start":{"line":6,"column":17},"end":{"line":6,"column":49}},"3":{"start":{"line":8,"column":2},"end":{"line":10,"column":3}},"4":{"start":{"line":9,"column":4},"end":{"line":9,"column":29}},"5":{"start":{"line":11,"column":2},"end":{"line":11,"column":13}},"6":{"start":{"line":16,"column":4},"end":{"line":16,"column":16}},"7":{"start":{"line":20,"column":4},"end":{"line":20,"column":15}},"8":{"start":{"line":21,"column":4},"end":{"line":21,"column":15}},"9":{"start":{"line":25,"column":4},"end":{"line":25,"column":27}},"10":{"start":{"line":30,"column":14},"end":{"line":30,"column":16}},"11":{"start":{"line":31,"column":17},"end":{"line":31,"column":49}},"12":{"start":{"line":33,"column":2},"end":{"line":37,"column":3}},"13":{"start":{"line":34,"column":4},"end":{"line":36,"column":5}},"14":{"start":{"line":35,"column":6},"end":{"line":35,"column":19}},"15":{"start":{"line":38,"column":2},"end":{"line":38,"column":14}},"16":{"start":{"line":42,"column":2},"end":{"line":44,"column":3}},"17":{"start":{"line":42,"column":15},"end":{"line":42,"column":16}},"18":{"start":{"line":42,"column":24},"end":{"line":42,"column":34}},"19":{"start":{"line":43,"column":4},"end":{"line":43,"column":15}},"20":{"start":{"line":48,"column":2},"end":{"line":50,"column":3}},"21":{"start":{"line":49,"column":4},"end":{"line":49,"column":43}},"22":{"start":{"line":52,"column":17},"end":{"line":52,"column":19}},"23":{"start":{"line":53,"column":2},"end":{"line":55,"column":3}},"24":{"start":{"line":53,"column":15},"end":{"line":53,"column":16}},"25":{"start":{"line":53,"column":24},"end":{"line":53,"column":27}},"26":{"start":{"line":54,"column":4},"end":{"line":54,"column":19}},"27":{"start":{"line":57,"column":2},"end":{"line":57,"column":16}},"28":{"start":{"line":68,"column":2},"end":{"line":94,"column":5}},"29":{"start":{"line":69,"column":4},"end":{"line":93,"column":12}},"30":{"start":{"line":70,"column":6},"end":{"line":92,"column":9}}},"fnMap":{"0":{"name":"sum","decl":{"start":{"line":3,"column":9},"end":{"line":3,"column":12}},"loc":{"start":{"line":3,"column":23},"end":{"line":12,"column":1}},"line":3},"1":{"name":"(anonymous_1)","decl":{"start":{"line":15,"column":2},"end":{"line":15,"column":3}},"loc":{"start":{"line":15,"column":16},"end":{"line":17,"column":3}},"line":15},"2":{"name":"(anonymous_2)","decl":{"start":{"line":19,"column":2},"end":{"line":19,"column":3}},"loc":{"start":{"line":19,"column":9},"end":{"line":22,"column":3}},"line":19},"3":{"name":"(anonymous_3)","decl":{"start":{"line":24,"column":2},"end":{"line":24,"column":3}},"loc":{"start":{"line":24,"column":8},"end":{"line":26,"column":3}},"line":24},"4":{"name":"every","decl":{"start":{"line":29,"column":9},"end":{"line":29,"column":14}},"loc":{"start":{"line":29,"column":33},"end":{"line":39,"column":1}},"line":29},"5":{"name":"foreach","decl":{"start":{"line":41,"column":9},"end":{"line":41,"column":16}},"loc":{"start":{"line":41,"column":26},"end":{"line":45,"column":1}},"line":41},"6":{"name":"getIntArray","decl":{"start":{"line":47,"column":9},"end":{"line":47,"column":20}},"loc":{"start":{"line":47,"column":26},"end":{"line":58,"column":1}},"line":47},"7":{"name":"fetchUser","decl":{"start":{"line":60,"column":9},"end":{"line":60,"column":18}},"loc":{"start":{"line":60,"column":21},"end":{"line":95,"column":1}},"line":60},"8":{"name":"(anonymous_8)","decl":{"start":{"line":68,"column":21},"end":{"line":68,"column":22}},"loc":{"start":{"line":68,"column":42},"end":{"line":94,"column":3}},"line":68},"9":{"name":"(anonymous_9)","decl":{"start":{"line":69,"column":15},"end":{"line":69,"column":16}},"loc":{"start":{"line":69,"column":21},"end":{"line":93,"column":5}},"line":69}},"branchMap":{"0":{"loc":{"start":{"line":6,"column":17},"end":{"line":6,"column":49}},"type":"cond-expr","locations":[{"start":{"line":6,"column":33},"end":{"line":6,"column":34}},{"start":{"line":6,"column":37},"end":{"line":6,"column":49}}],"line":6},"1":{"loc":{"start":{"line":31,"column":17},"end":{"line":31,"column":49}},"type":"cond-expr","locations":[{"start":{"line":31,"column":33},"end":{"line":31,"column":34}},{"start":{"line":31,"column":37},"end":{"line":31,"column":49}}],"line":31},"2":{"loc":{"start":{"line":34,"column":4},"end":{"line":36,"column":5}},"type":"if","locations":[{"start":{"line":34,"column":4},"end":{"line":36,"column":5}},{"start":{"line":34,"column":4},"end":{"line":36,"column":5}}],"line":34},"3":{"loc":{"start":{"line":48,"column":2},"end":{"line":50,"column":3}},"type":"if","locations":[{"start":{"line":48,"column":2},"end":{"line":50,"column":3}},{"start":{"line":48,"column":2},"end":{"line":50,"column":3}}],"line":48}},"s":{"0":2,"1":2,"2":2,"3":2,"4":5,"5":2,"6":1,"7":3,"8":3,"9":2,"10":0,"11":0,"12":0,"13":0,"14":0,"15":0,"16":0,"17":0,"18":0,"19":0,"20":2,"21":1,"22":1,"23":1,"24":1,"25":1,"26":3,"27":1,"28":1,"29":1,"30":1},"f":{"0":2,"1":1,"2":3,"3":2,"4":0,"5":0,"6":2,"7":1,"8":1,"9":1},"b":{"0":[0,2],"1":[0,0],"2":[0,0],"3":[1,1]},"_coverageSchema":"43e27e138ebf9cfc5966b082cf9a028302ed4184","hash":"7cffa527f86c5d6a822a60247f3f997aa774e80c"}
}
