TN:
SF:/Users/xuhaowei/xuhaowei/T-OA/src/test/vue.demo.vue
FN:7,(anonymous_1)
FN:12,(anonymous_2)
FNF:2
FNH:2
FNDA:1,(anonymous_1)
FNDA:1,(anonymous_2)
DA:8,1
DA:13,1
LF:2
LH:2
BRF:0
BRH:0
end_of_record
TN:
SF:/Users/xuhaowei/xuhaowei/T-OA/test/demo/jest.demo.js
FN:3,sum
FN:15,(anonymous_1)
FN:19,(anonymous_2)
FN:24,(anonymous_3)
FN:29,every
FN:41,foreach
FN:47,getIntArray
FN:60,fetchUser
FN:68,(anonymous_8)
FN:69,(anonymous_9)
FNF:10
FNH:8
FNDA:2,sum
FNDA:1,(anonymous_1)
FNDA:3,(anonymous_2)
FNDA:2,(anonymous_3)
FNDA:0,every
FNDA:0,foreach
FNDA:2,getIntArray
FNDA:1,fetchUser
FNDA:1,(anonymous_8)
FNDA:1,(anonymous_9)
DA:4,2
DA:5,2
DA:6,2
DA:8,2
DA:9,5
DA:11,2
DA:16,1
DA:20,3
DA:21,3
DA:25,2
DA:30,0
DA:31,0
DA:33,0
DA:34,0
DA:35,0
DA:38,0
DA:42,0
DA:43,0
DA:48,2
DA:49,1
DA:52,1
DA:53,1
DA:54,3
DA:57,1
DA:68,1
DA:69,1
DA:70,1
LF:27
LH:19
BRDA:6,0,0,0
BRDA:6,0,1,2
BRDA:31,1,0,0
BRDA:31,1,1,0
BRDA:34,2,0,0
BRDA:34,2,1,0
BRDA:48,3,0,1
BRDA:48,3,1,1
BRF:8
BRH:3
end_of_record
